This file contains any messages produced by compilers while
running configure, to aid debugging if configure makes a mistake.

It was created by libsecp256k1 configure 0.1, which was
generated by GNU Autoconf 2.69.  Invocation command line was

  $ ./configure --disable-option-checking --prefix=/usr/local --disable-shared --with-pic --with-bignum=no --enable-module-recovery --cache-file=/dev/null --srcdir=.

## --------- ##
## Platform. ##
## --------- ##

hostname = bogon
uname -m = x86_64
uname -r = 3.10.0-327.el7.x86_64
uname -s = Linux
uname -v = #1 SMP Thu Nov 19 22:10:57 UTC 2015

/usr/bin/uname -p = x86_64
/bin/uname -X     = unknown

/bin/arch              = x86_64
/usr/bin/arch -k       = unknown
/usr/convex/getsysinfo = unknown
/usr/bin/hostinfo      = unknown
/bin/machine           = unknown
/usr/bin/oslevel       = unknown
/bin/universe          = unknown

PATH: /usr/lib64/qt-3.3/bin
PATH: /usr/local/bin
PATH: /usr/local/sbin
PATH: /usr/bin
PATH: /usr/sbin
PATH: /bin
PATH: /sbin
PATH: /usr/local/php/bin/
PATH: /usr/local/php/sbin/
PATH: /usr/local/berkeleydb/include
PATH: /home/roo/.local/bin
PATH: /home/roo/bin


## ----------- ##
## Core tests. ##
## ----------- ##

configure:2360: checking build system type
configure:2374: result: x86_64-unknown-linux-gnu
configure:2394: checking host system type
configure:2407: result: x86_64-unknown-linux-gnu
configure:2446: checking for a BSD-compatible install
configure:2514: result: /usr/bin/install -c
configure:2525: checking whether build environment is sane
configure:2580: result: yes
configure:2731: checking for a thread-safe mkdir -p
configure:2770: result: /usr/bin/mkdir -p
configure:2777: checking for gawk
configure:2793: found /usr/bin/gawk
configure:2804: result: gawk
configure:2815: checking whether make sets $(MAKE)
configure:2837: result: yes
configure:2866: checking whether make supports nested variables
configure:2883: result: yes
configure:3013: checking how to print strings
configure:3040: result: printf
configure:3073: checking for style of include used by make
configure:3101: result: GNU
configure:3172: checking for gcc
configure:3188: found /usr/bin/gcc
configure:3199: result: gcc
configure:3428: checking for C compiler version
configure:3437: gcc --version >&5
gcc (GCC) 4.8.5 20150623 (Red Hat 4.8.5-4)
Copyright (C) 2015 Free Software Foundation, Inc.
This is free software; see the source for copying conditions.  There is NO
warranty; not even for MERCHANTABILITY or FITNESS FOR A PARTICULAR PURPOSE.

configure:3448: $? = 0
configure:3437: gcc -v >&5
Using built-in specs.
COLLECT_GCC=gcc
COLLECT_LTO_WRAPPER=/usr/libexec/gcc/x86_64-redhat-linux/4.8.5/lto-wrapper
Target: x86_64-redhat-linux
Configured with: ../configure --prefix=/usr --mandir=/usr/share/man --infodir=/usr/share/info --with-bugurl=http://bugzilla.redhat.com/bugzilla --enable-bootstrap --enable-shared --enable-threads=posix --enable-checking=release --with-system-zlib --enable-__cxa_atexit --disable-libunwind-exceptions --enable-gnu-unique-object --enable-linker-build-id --with-linker-hash-style=gnu --enable-languages=c,c++,objc,obj-c++,java,fortran,ada,go,lto --enable-plugin --enable-initfini-array --disable-libgcj --with-isl=/builddir/build/BUILD/gcc-4.8.5-20150702/obj-x86_64-redhat-linux/isl-install --with-cloog=/builddir/build/BUILD/gcc-4.8.5-20150702/obj-x86_64-redhat-linux/cloog-install --enable-gnu-indirect-function --with-tune=generic --with-arch_32=x86-64 --build=x86_64-redhat-linux
Thread model: posix
gcc version 4.8.5 20150623 (Red Hat 4.8.5-4) (GCC) 
configure:3448: $? = 0
configure:3437: gcc -V >&5
gcc: error: unrecognized command line option '-V'
gcc: fatal error: no input files
compilation terminated.
configure:3448: $? = 4
configure:3437: gcc -qversion >&5
gcc: error: unrecognized command line option '-qversion'
gcc: fatal error: no input files
compilation terminated.
configure:3448: $? = 4
configure:3468: checking whether the C compiler works
configure:3490: gcc    conftest.c  >&5
configure:3494: $? = 0
configure:3542: result: yes
configure:3545: checking for C compiler default output file name
configure:3547: result: a.out
configure:3553: checking for suffix of executables
configure:3560: gcc -o conftest    conftest.c  >&5
configure:3564: $? = 0
configure:3586: result: 
configure:3608: checking whether we are cross compiling
configure:3616: gcc -o conftest    conftest.c  >&5
configure:3620: $? = 0
configure:3627: ./conftest
configure:3631: $? = 0
configure:3646: result: no
configure:3651: checking for suffix of object files
configure:3673: gcc -c   conftest.c >&5
configure:3677: $? = 0
configure:3698: result: o
configure:3702: checking whether we are using the GNU C compiler
configure:3721: gcc -c   conftest.c >&5
configure:3721: $? = 0
configure:3730: result: yes
configure:3739: checking whether gcc accepts -g
configure:3759: gcc -c -g  conftest.c >&5
configure:3759: $? = 0
configure:3800: result: yes
configure:3817: checking for gcc option to accept ISO C89
configure:3880: gcc  -c -g -O2  conftest.c >&5
configure:3880: $? = 0
configure:3893: result: none needed
configure:3915: checking dependency style of gcc
configure:4026: result: gcc3
configure:4041: checking for a sed that does not truncate output
configure:4105: result: /usr/bin/sed
configure:4123: checking for grep that handles long lines and -e
configure:4181: result: /usr/bin/grep
configure:4186: checking for egrep
configure:4248: result: /usr/bin/grep -E
configure:4253: checking for fgrep
configure:4315: result: /usr/bin/grep -F
configure:4350: checking for ld used by gcc
configure:4417: result: /usr/bin/ld
configure:4424: checking if the linker (/usr/bin/ld) is GNU ld
configure:4439: result: yes
configure:4451: checking for BSD- or MS-compatible name lister (nm)
configure:4500: result: /usr/bin/nm -B
configure:4630: checking the name lister (/usr/bin/nm -B) interface
configure:4637: gcc -c -g -O2  conftest.c >&5
configure:4640: /usr/bin/nm -B "conftest.o"
configure:4643: output
0000000000000000 B some_variable
configure:4650: result: BSD nm
configure:4653: checking whether ln -s works
configure:4657: result: yes
configure:4665: checking the maximum length of command line arguments
configure:4795: result: 1572864
configure:4812: checking whether the shell understands some XSI constructs
configure:4822: result: yes
configure:4826: checking whether the shell understands "+="
configure:4832: result: yes
configure:4867: checking how to convert x86_64-unknown-linux-gnu file names to x86_64-unknown-linux-gnu format
configure:4907: result: func_convert_file_noop
configure:4914: checking how to convert x86_64-unknown-linux-gnu file names to toolchain format
configure:4934: result: func_convert_file_noop
configure:4941: checking for /usr/bin/ld option to reload object files
configure:4948: result: -r
configure:5022: checking for objdump
configure:5038: found /usr/bin/objdump
configure:5049: result: objdump
configure:5081: checking how to recognize dependent libraries
configure:5283: result: pass_all
configure:5368: checking for dlltool
configure:5398: result: no
configure:5428: checking how to associate runtime and link libraries
configure:5455: result: printf %s\n
configure:5516: checking for ar
configure:5532: found /usr/bin/ar
configure:5543: result: ar
configure:5580: checking for archiver @FILE support
configure:5597: gcc -c -g -O2  conftest.c >&5
configure:5597: $? = 0
configure:5600: ar cru libconftest.a @conftest.lst >&5
configure:5603: $? = 0
configure:5608: ar cru libconftest.a @conftest.lst >&5
ar: conftest.o: No such file or directory
configure:5611: $? = 1
configure:5623: result: @
configure:5681: checking for strip
configure:5697: found /usr/bin/strip
configure:5708: result: strip
configure:5780: checking for ranlib
configure:5796: found /usr/bin/ranlib
configure:5807: result: ranlib
configure:5909: checking command to parse /usr/bin/nm -B output from gcc object
configure:6029: gcc -c -g -O2  conftest.c >&5
configure:6032: $? = 0
configure:6036: /usr/bin/nm -B conftest.o \| sed -n -e 's/^.*[ ]\([ABCDGIRSTW][ABCDGIRSTW]*\)[ ][ ]*\([_A-Za-z][_A-Za-z0-9]*\)$/\1 \2 \2/p' | sed '/ __gnu_lto/d' \> conftest.nm
configure:6039: $? = 0
configure:6105: gcc -o conftest -g -O2   conftest.c conftstm.o >&5
configure:6108: $? = 0
configure:6146: result: ok
configure:6183: checking for sysroot
configure:6213: result: no
configure:6290: gcc -c -g -O2  conftest.c >&5
configure:6293: $? = 0
configure:6469: checking for mt
configure:6499: result: no
configure:6519: checking if : is a manifest tool
configure:6525: : '-?'
configure:6533: result: no
configure:7175: checking how to run the C preprocessor
configure:7206: gcc -E  conftest.c
configure:7206: $? = 0
configure:7220: gcc -E  conftest.c
conftest.c:11:28: fatal error: ac_nonexistent.h: No such file or directory
 #include <ac_nonexistent.h>
                            ^
compilation terminated.
configure:7220: $? = 1
configure: failed program was:
| /* confdefs.h */
| #define PACKAGE_NAME "libsecp256k1"
| #define PACKAGE_TARNAME "libsecp256k1"
| #define PACKAGE_VERSION "0.1"
| #define PACKAGE_STRING "libsecp256k1 0.1"
| #define PACKAGE_BUGREPORT ""
| #define PACKAGE_URL ""
| #define PACKAGE "libsecp256k1"
| #define VERSION "0.1"
| /* end confdefs.h.  */
| #include <ac_nonexistent.h>
configure:7245: result: gcc -E
configure:7265: gcc -E  conftest.c
configure:7265: $? = 0
configure:7279: gcc -E  conftest.c
conftest.c:11:28: fatal error: ac_nonexistent.h: No such file or directory
 #include <ac_nonexistent.h>
                            ^
compilation terminated.
configure:7279: $? = 1
configure: failed program was:
| /* confdefs.h */
| #define PACKAGE_NAME "libsecp256k1"
| #define PACKAGE_TARNAME "libsecp256k1"
| #define PACKAGE_VERSION "0.1"
| #define PACKAGE_STRING "libsecp256k1 0.1"
| #define PACKAGE_BUGREPORT ""
| #define PACKAGE_URL ""
| #define PACKAGE "libsecp256k1"
| #define VERSION "0.1"
| /* end confdefs.h.  */
| #include <ac_nonexistent.h>
configure:7308: checking for ANSI C header files
configure:7328: gcc -c -g -O2  conftest.c >&5
configure:7328: $? = 0
configure:7401: gcc -o conftest -g -O2   conftest.c  >&5
configure:7401: $? = 0
configure:7401: ./conftest
configure:7401: $? = 0
configure:7412: result: yes
configure:7425: checking for sys/types.h
configure:7425: gcc -c -g -O2  conftest.c >&5
configure:7425: $? = 0
configure:7425: result: yes
configure:7425: checking for sys/stat.h
configure:7425: gcc -c -g -O2  conftest.c >&5
configure:7425: $? = 0
configure:7425: result: yes
configure:7425: checking for stdlib.h
configure:7425: gcc -c -g -O2  conftest.c >&5
configure:7425: $? = 0
configure:7425: result: yes
configure:7425: checking for string.h
configure:7425: gcc -c -g -O2  conftest.c >&5
configure:7425: $? = 0
configure:7425: result: yes
configure:7425: checking for memory.h
configure:7425: gcc -c -g -O2  conftest.c >&5
configure:7425: $? = 0
configure:7425: result: yes
configure:7425: checking for strings.h
configure:7425: gcc -c -g -O2  conftest.c >&5
configure:7425: $? = 0
configure:7425: result: yes
configure:7425: checking for inttypes.h
configure:7425: gcc -c -g -O2  conftest.c >&5
configure:7425: $? = 0
configure:7425: result: yes
configure:7425: checking for stdint.h
configure:7425: gcc -c -g -O2  conftest.c >&5
configure:7425: $? = 0
configure:7425: result: yes
configure:7425: checking for unistd.h
configure:7425: gcc -c -g -O2  conftest.c >&5
configure:7425: $? = 0
configure:7425: result: yes
configure:7439: checking for dlfcn.h
configure:7439: gcc -c -g -O2  conftest.c >&5
configure:7439: $? = 0
configure:7439: result: yes
configure:7645: checking for objdir
configure:7660: result: .libs
configure:7931: checking if gcc supports -fno-rtti -fno-exceptions
configure:7949: gcc -c -g -O2  -fno-rtti -fno-exceptions conftest.c >&5
cc1: warning: command line option '-fno-rtti' is valid for C++/ObjC++ but not for C [enabled by default]
configure:7953: $? = 0
configure:7966: result: no
configure:8293: checking for gcc option to produce PIC
configure:8300: result: -fPIC -DPIC
configure:8308: checking if gcc PIC flag -fPIC -DPIC works
configure:8326: gcc -c -g -O2  -fPIC -DPIC -DPIC conftest.c >&5
configure:8330: $? = 0
configure:8343: result: yes
configure:8372: checking if gcc static flag -static works
configure:8400: result: no
configure:8415: checking if gcc supports -c -o file.o
configure:8436: gcc -c -g -O2  -o out/conftest2.o conftest.c >&5
configure:8440: $? = 0
configure:8462: result: yes
configure:8470: checking if gcc supports -c -o file.o
configure:8517: result: yes
configure:8550: checking whether the gcc linker (/usr/bin/ld -m elf_x86_64) supports shared libraries
configure:9703: result: yes
configure:9943: checking dynamic linker characteristics
configure:10454: gcc -o conftest -g -O2   -Wl,-rpath -Wl,/foo conftest.c  >&5
configure:10454: $? = 0
configure:10680: result: GNU/Linux ld.so
configure:10787: checking how to hardcode library paths into programs
configure:10812: result: immediate
configure:11352: checking whether stripping libraries is possible
configure:11357: result: yes
configure:11392: checking if libtool supports shared libraries
configure:11394: result: yes
configure:11397: checking whether to build shared libraries
configure:11418: result: no
configure:11421: checking whether to build static libraries
configure:11425: result: yes
configure:11474: checking whether make supports nested variables
configure:11491: result: yes
configure:11557: checking for pkg-config
configure:11575: found /usr/bin/pkg-config
configure:11587: result: /usr/bin/pkg-config
configure:11612: checking pkg-config is at least version 0.9.0
configure:11615: result: yes
configure:11670: checking for ar
configure:11688: found /usr/bin/ar
configure:11700: result: /usr/bin/ar
configure:11768: checking for ranlib
configure:11786: found /usr/bin/ranlib
configure:11798: result: /usr/bin/ranlib
configure:11866: checking for strip
configure:11884: found /usr/bin/strip
configure:11896: result: /usr/bin/strip
configure:11974: checking for gcc
configure:11990: found /usr/bin/gcc
configure:12001: result: gcc
configure:12230: checking for C compiler version
configure:12239: gcc --version >&5
gcc (GCC) 4.8.5 20150623 (Red Hat 4.8.5-4)
Copyright (C) 2015 Free Software Foundation, Inc.
This is free software; see the source for copying conditions.  There is NO
warranty; not even for MERCHANTABILITY or FITNESS FOR A PARTICULAR PURPOSE.

configure:12250: $? = 0
configure:12239: gcc -v >&5
Using built-in specs.
COLLECT_GCC=gcc
COLLECT_LTO_WRAPPER=/usr/libexec/gcc/x86_64-redhat-linux/4.8.5/lto-wrapper
Target: x86_64-redhat-linux
Configured with: ../configure --prefix=/usr --mandir=/usr/share/man --infodir=/usr/share/info --with-bugurl=http://bugzilla.redhat.com/bugzilla --enable-bootstrap --enable-shared --enable-threads=posix --enable-checking=release --with-system-zlib --enable-__cxa_atexit --disable-libunwind-exceptions --enable-gnu-unique-object --enable-linker-build-id --with-linker-hash-style=gnu --enable-languages=c,c++,objc,obj-c++,java,fortran,ada,go,lto --enable-plugin --enable-initfini-array --disable-libgcj --with-isl=/builddir/build/BUILD/gcc-4.8.5-20150702/obj-x86_64-redhat-linux/isl-install --with-cloog=/builddir/build/BUILD/gcc-4.8.5-20150702/obj-x86_64-redhat-linux/cloog-install --enable-gnu-indirect-function --with-tune=generic --with-arch_32=x86-64 --build=x86_64-redhat-linux
Thread model: posix
gcc version 4.8.5 20150623 (Red Hat 4.8.5-4) (GCC) 
configure:12250: $? = 0
configure:12239: gcc -V >&5
gcc: error: unrecognized command line option '-V'
gcc: fatal error: no input files
compilation terminated.
configure:12250: $? = 4
configure:12239: gcc -qversion >&5
gcc: error: unrecognized command line option '-qversion'
gcc: fatal error: no input files
compilation terminated.
configure:12250: $? = 4
configure:12254: checking whether we are using the GNU C compiler
configure:12282: result: yes
configure:12291: checking whether gcc accepts -g
configure:12311: gcc -c -g -O2  conftest.c >&5
configure:12311: $? = 0
configure:12352: result: yes
configure:12369: checking for gcc option to accept ISO C89
configure:12445: result: none needed
configure:12467: checking dependency style of gcc
configure:12578: result: gcc3
configure:12598: checking how to run the C preprocessor
configure:12629: gcc -E  conftest.c
configure:12629: $? = 0
configure:12643: gcc -E  conftest.c
conftest.c:23:28: fatal error: ac_nonexistent.h: No such file or directory
 #include <ac_nonexistent.h>
                            ^
compilation terminated.
configure:12643: $? = 1
configure: failed program was:
| /* confdefs.h */
| #define PACKAGE_NAME "libsecp256k1"
| #define PACKAGE_TARNAME "libsecp256k1"
| #define PACKAGE_VERSION "0.1"
| #define PACKAGE_STRING "libsecp256k1 0.1"
| #define PACKAGE_BUGREPORT ""
| #define PACKAGE_URL ""
| #define PACKAGE "libsecp256k1"
| #define VERSION "0.1"
| #define STDC_HEADERS 1
| #define HAVE_SYS_TYPES_H 1
| #define HAVE_SYS_STAT_H 1
| #define HAVE_STDLIB_H 1
| #define HAVE_STRING_H 1
| #define HAVE_MEMORY_H 1
| #define HAVE_STRINGS_H 1
| #define HAVE_INTTYPES_H 1
| #define HAVE_STDINT_H 1
| #define HAVE_UNISTD_H 1
| #define HAVE_DLFCN_H 1
| #define LT_OBJDIR ".libs/"
| /* end confdefs.h.  */
| #include <ac_nonexistent.h>
configure:12668: result: gcc -E
configure:12688: gcc -E  conftest.c
configure:12688: $? = 0
configure:12702: gcc -E  conftest.c
conftest.c:23:28: fatal error: ac_nonexistent.h: No such file or directory
 #include <ac_nonexistent.h>
                            ^
compilation terminated.
configure:12702: $? = 1
configure: failed program was:
| /* confdefs.h */
| #define PACKAGE_NAME "libsecp256k1"
| #define PACKAGE_TARNAME "libsecp256k1"
| #define PACKAGE_VERSION "0.1"
| #define PACKAGE_STRING "libsecp256k1 0.1"
| #define PACKAGE_BUGREPORT ""
| #define PACKAGE_URL ""
| #define PACKAGE "libsecp256k1"
| #define VERSION "0.1"
| #define STDC_HEADERS 1
| #define HAVE_SYS_TYPES_H 1
| #define HAVE_SYS_STAT_H 1
| #define HAVE_STDLIB_H 1
| #define HAVE_STRING_H 1
| #define HAVE_MEMORY_H 1
| #define HAVE_STRINGS_H 1
| #define HAVE_INTTYPES_H 1
| #define HAVE_STDINT_H 1
| #define HAVE_UNISTD_H 1
| #define HAVE_DLFCN_H 1
| #define LT_OBJDIR ".libs/"
| /* end confdefs.h.  */
| #include <ac_nonexistent.h>
configure:12745: checking whether gcc and cc understand -c and -o together
configure:12776: gcc -c conftest.c -o conftest2.o >&5
configure:12780: $? = 0
configure:12786: gcc -c conftest.c -o conftest2.o >&5
configure:12790: $? = 0
configure:12801: cc -c conftest.c >&5
configure:12805: $? = 0
configure:12813: cc -c conftest.c -o conftest2.o >&5
configure:12817: $? = 0
configure:12823: cc -c conftest.c -o conftest2.o >&5
configure:12827: $? = 0
configure:12845: result: yes
configure:12871: checking for gcc option to accept ISO C89
configure:12947: result: none needed
configure:13076: checking if gcc supports -std=c89 -pedantic -Wall -Wextra -Wcast-align -Wnested-externs -Wshadow -Wstrict-prototypes -Wno-unused-function -Wno-long-long -Wno-overlength-strings
configure:13082: gcc -c -g -O2 -W -std=c89 -pedantic -Wall -Wextra -Wcast-align -Wnested-externs -Wshadow -Wstrict-prototypes -Wno-unused-function -Wno-long-long -Wno-overlength-strings  conftest.c >&5
configure:13082: $? = 0
configure:13083: result: yes
configure:13095: checking if gcc supports -fvisibility=hidden
configure:13101: gcc -c -g -O2 -W -std=c89 -pedantic -Wall -Wextra -Wcast-align -Wnested-externs -Wshadow -Wstrict-prototypes -Wno-unused-function -Wno-long-long -Wno-overlength-strings -fvisibility=hidden  conftest.c >&5
configure:13101: $? = 0
configure:13102: result: yes
configure:13204: checking for __int128
configure:13204: gcc -c -g -O2 -W -std=c89 -pedantic -Wall -Wextra -Wcast-align -Wnested-externs -Wshadow -Wstrict-prototypes -Wno-unused-function -Wno-long-long -Wno-overlength-strings -fvisibility=hidden  conftest.c >&5
conftest.c:57:1: warning: function declaration isn't a prototype [-Wstrict-prototypes]
 main ()
 ^
conftest.c: In function 'main':
conftest.c:59:13: warning: ISO C does not support '__int128' type [-Wpedantic]
 if (sizeof (__int128))
             ^
configure:13204: $? = 0
configure:13204: gcc -c -g -O2 -W -std=c89 -pedantic -Wall -Wextra -Wcast-align -Wnested-externs -Wshadow -Wstrict-prototypes -Wno-unused-function -Wno-long-long -Wno-overlength-strings -fvisibility=hidden  conftest.c >&5
conftest.c:57:1: warning: function declaration isn't a prototype [-Wstrict-prototypes]
 main ()
 ^
conftest.c: In function 'main':
conftest.c:59:14: warning: ISO C does not support '__int128' type [-Wpedantic]
 if (sizeof ((__int128)))
              ^
conftest.c:59:23: error: expected expression before ')' token
 if (sizeof ((__int128)))
                       ^
configure:13204: $? = 1
configure: failed program was:
| /* confdefs.h */
| #define PACKAGE_NAME "libsecp256k1"
| #define PACKAGE_TARNAME "libsecp256k1"
| #define PACKAGE_VERSION "0.1"
| #define PACKAGE_STRING "libsecp256k1 0.1"
| #define PACKAGE_BUGREPORT ""
| #define PACKAGE_URL ""
| #define PACKAGE "libsecp256k1"
| #define VERSION "0.1"
| #define STDC_HEADERS 1
| #define HAVE_SYS_TYPES_H 1
| #define HAVE_SYS_STAT_H 1
| #define HAVE_STDLIB_H 1
| #define HAVE_STRING_H 1
| #define HAVE_MEMORY_H 1
| #define HAVE_STRINGS_H 1
| #define HAVE_INTTYPES_H 1
| #define HAVE_STDINT_H 1
| #define HAVE_UNISTD_H 1
| #define HAVE_DLFCN_H 1
| #define LT_OBJDIR ".libs/"
| /* end confdefs.h.  */
| #include <stdio.h>
| #ifdef HAVE_SYS_TYPES_H
| # include <sys/types.h>
| #endif
| #ifdef HAVE_SYS_STAT_H
| # include <sys/stat.h>
| #endif
| #ifdef STDC_HEADERS
| # include <stdlib.h>
| # include <stddef.h>
| #else
| # ifdef HAVE_STDLIB_H
| #  include <stdlib.h>
| # endif
| #endif
| #ifdef HAVE_STRING_H
| # if !defined STDC_HEADERS && defined HAVE_MEMORY_H
| #  include <memory.h>
| # endif
| # include <string.h>
| #endif
| #ifdef HAVE_STRINGS_H
| # include <strings.h>
| #endif
| #ifdef HAVE_INTTYPES_H
| # include <inttypes.h>
| #endif
| #ifdef HAVE_STDINT_H
| # include <stdint.h>
| #endif
| #ifdef HAVE_UNISTD_H
| # include <unistd.h>
| #endif
| int
| main ()
| {
| if (sizeof ((__int128)))
| 	    return 0;
|   ;
|   return 0;
| }
configure:13204: result: yes
configure:13215: checking for __builtin_expect
configure:13221: gcc -c -g -O2 -W -std=c89 -pedantic -Wall -Wextra -Wcast-align -Wnested-externs -Wshadow -Wstrict-prototypes -Wno-unused-function -Wno-long-long -Wno-overlength-strings -fvisibility=hidden  conftest.c >&5
conftest.c:24:6: warning: function declaration isn't a prototype [-Wstrict-prototypes]
 void myfunc() {__builtin_expect(0,0);}
      ^
conftest.c: In function 'myfunc':
conftest.c:24:16: warning: statement with no effect [-Wunused-value]
 void myfunc() {__builtin_expect(0,0);}
                ^
configure:13221: $? = 0
configure:13222: result: yes
configure:13235: checking for x86_64 assembly availability
configure:13252: gcc -c -g -O2 -W -std=c89 -pedantic -Wall -Wextra -Wcast-align -Wnested-externs -Wshadow -Wstrict-prototypes -Wno-unused-function -Wno-long-long -Wno-overlength-strings -fvisibility=hidden  conftest.c >&5
conftest.c:28:1: warning: function declaration isn't a prototype [-Wstrict-prototypes]
 main ()
 ^
conftest.c: In function 'main':
conftest.c:32:3: warning: 'tmp' is used uninitialized in this function [-Wuninitialized]
   __asm__ __volatile__("movq SECP_64BIT_ASM_CHECKx100000000,%1; mulq %%rsi" : "+a"(a) : "S"(tmp) : "cc", "%rdx");
   ^
configure:13252: $? = 0
configure:13258: result: yes
configure:13599: checking for CRYPTO
configure:13606: $PKG_CONFIG --exists --print-errors "libcrypto"
configure:13609: $? = 0
configure:13623: $PKG_CONFIG --exists --print-errors "libcrypto"
configure:13626: $? = 0
configure:13664: result: yes
configure:13671: checking for main in -lcrypto
configure:13690: gcc -o conftest -g -O2 -W -std=c89 -pedantic -Wall -Wextra -Wcast-align -Wnested-externs -Wshadow -Wstrict-prototypes -Wno-unused-function -Wno-long-long -Wno-overlength-strings -fvisibility=hidden   conftest.c -lcrypto   -lcrypto   >&5
conftest.c:34:1: warning: function declaration isn't a prototype [-Wstrict-prototypes]
 main ()
 ^
configure:13690: $? = 0
configure:13699: result: yes
configure:13763: checking for EC functions in libcrypto
configure:13784: gcc -c -g -O2 -W -std=c89 -pedantic -Wall -Wextra -Wcast-align -Wnested-externs -Wshadow -Wstrict-prototypes -Wno-unused-function -Wno-long-long -Wno-overlength-strings -fvisibility=hidden  conftest.c >&5
conftest.c:37:1: warning: function declaration isn't a prototype [-Wstrict-prototypes]
 main ()
 ^
configure:13784: $? = 0
configure:13790: result: yes
configure:13845: checking whether byte ordering is bigendian
configure:13860: gcc -c -g -O2 -W -std=c89 -pedantic -Wall -Wextra -Wcast-align -Wnested-externs -Wshadow -Wstrict-prototypes -Wno-unused-function -Wno-long-long -Wno-overlength-strings -fvisibility=hidden  conftest.c >&5
conftest.c:36:9: error: unknown type name 'not'
         not a universal capable compiler
         ^
conftest.c:36:15: error: expected '=', ',', ';', 'asm' or '__attribute__' before 'universal'
         not a universal capable compiler
               ^
conftest.c:36:15: error: unknown type name 'universal'
configure:13860: $? = 1
configure: failed program was:
| /* confdefs.h */
| #define PACKAGE_NAME "libsecp256k1"
| #define PACKAGE_TARNAME "libsecp256k1"
| #define PACKAGE_VERSION "0.1"
| #define PACKAGE_STRING "libsecp256k1 0.1"
| #define PACKAGE_BUGREPORT ""
| #define PACKAGE_URL ""
| #define PACKAGE "libsecp256k1"
| #define VERSION "0.1"
| #define STDC_HEADERS 1
| #define HAVE_SYS_TYPES_H 1
| #define HAVE_SYS_STAT_H 1
| #define HAVE_STDLIB_H 1
| #define HAVE_STRING_H 1
| #define HAVE_MEMORY_H 1
| #define HAVE_STRINGS_H 1
| #define HAVE_INTTYPES_H 1
| #define HAVE_STDINT_H 1
| #define HAVE_UNISTD_H 1
| #define HAVE_DLFCN_H 1
| #define LT_OBJDIR ".libs/"
| #define HAVE___INT128 1
| #define HAVE_BUILTIN_EXPECT 1
| #define USE_ASM_X86_64 1
| #define USE_FIELD_5X52 1
| #define USE_NUM_NONE 1
| #define USE_FIELD_INV_BUILTIN 1
| #define USE_SCALAR_INV_BUILTIN 1
| #define USE_SCALAR_4X64 1
| #define HAVE_LIBCRYPTO 1
| #define ENABLE_OPENSSL_TESTS 1
| #define USE_ECMULT_STATIC_PRECOMPUTATION 1
| #define ENABLE_MODULE_RECOVERY 1
| /* end confdefs.h.  */
| #ifndef __APPLE_CC__
| 	       not a universal capable compiler
| 	     #endif
| 	     typedef int dummy;
| 
configure:13905: gcc -c -g -O2 -W -std=c89 -pedantic -Wall -Wextra -Wcast-align -Wnested-externs -Wshadow -Wstrict-prototypes -Wno-unused-function -Wno-long-long -Wno-overlength-strings -fvisibility=hidden  conftest.c >&5
conftest.c:39:1: warning: function declaration isn't a prototype [-Wstrict-prototypes]
 main ()
 ^
conftest.c: In function 'main':
conftest.c:42:8: error: unknown type name 'bogus'
        bogus endian macros
        ^
conftest.c:42:21: error: expected '=', ',', ';', 'asm' or '__attribute__' before 'macros'
        bogus endian macros
                     ^
configure:13905: $? = 1
configure: failed program was:
| /* confdefs.h */
| #define PACKAGE_NAME "libsecp256k1"
| #define PACKAGE_TARNAME "libsecp256k1"
| #define PACKAGE_VERSION "0.1"
| #define PACKAGE_STRING "libsecp256k1 0.1"
| #define PACKAGE_BUGREPORT ""
| #define PACKAGE_URL ""
| #define PACKAGE "libsecp256k1"
| #define VERSION "0.1"
| #define STDC_HEADERS 1
| #define HAVE_SYS_TYPES_H 1
| #define HAVE_SYS_STAT_H 1
| #define HAVE_STDLIB_H 1
| #define HAVE_STRING_H 1
| #define HAVE_MEMORY_H 1
| #define HAVE_STRINGS_H 1
| #define HAVE_INTTYPES_H 1
| #define HAVE_STDINT_H 1
| #define HAVE_UNISTD_H 1
| #define HAVE_DLFCN_H 1
| #define LT_OBJDIR ".libs/"
| #define HAVE___INT128 1
| #define HAVE_BUILTIN_EXPECT 1
| #define USE_ASM_X86_64 1
| #define USE_FIELD_5X52 1
| #define USE_NUM_NONE 1
| #define USE_FIELD_INV_BUILTIN 1
| #define USE_SCALAR_INV_BUILTIN 1
| #define USE_SCALAR_4X64 1
| #define HAVE_LIBCRYPTO 1
| #define ENABLE_OPENSSL_TESTS 1
| #define USE_ECMULT_STATIC_PRECOMPUTATION 1
| #define ENABLE_MODULE_RECOVERY 1
| /* end confdefs.h.  */
| #include <sys/types.h>
| 	     #include <sys/param.h>
| 
| int
| main ()
| {
| #if ! (defined BYTE_ORDER && defined BIG_ENDIAN 		     && defined LITTLE_ENDIAN && BYTE_ORDER && BIG_ENDIAN 		     && LITTLE_ENDIAN)
| 	      bogus endian macros
| 	     #endif
| 
|   ;
|   return 0;
| }
configure:13949: gcc -c -g -O2 -W -std=c89 -pedantic -Wall -Wextra -Wcast-align -Wnested-externs -Wshadow -Wstrict-prototypes -Wno-unused-function -Wno-long-long -Wno-overlength-strings -fvisibility=hidden  conftest.c >&5
conftest.c:38:1: warning: function declaration isn't a prototype [-Wstrict-prototypes]
 main ()
 ^
conftest.c: In function 'main':
conftest.c:41:8: error: unknown type name 'bogus'
        bogus endian macros
        ^
conftest.c:41:21: error: expected '=', ',', ';', 'asm' or '__attribute__' before 'macros'
        bogus endian macros
                     ^
configure:13949: $? = 1
configure: failed program was:
| /* confdefs.h */
| #define PACKAGE_NAME "libsecp256k1"
| #define PACKAGE_TARNAME "libsecp256k1"
| #define PACKAGE_VERSION "0.1"
| #define PACKAGE_STRING "libsecp256k1 0.1"
| #define PACKAGE_BUGREPORT ""
| #define PACKAGE_URL ""
| #define PACKAGE "libsecp256k1"
| #define VERSION "0.1"
| #define STDC_HEADERS 1
| #define HAVE_SYS_TYPES_H 1
| #define HAVE_SYS_STAT_H 1
| #define HAVE_STDLIB_H 1
| #define HAVE_STRING_H 1
| #define HAVE_MEMORY_H 1
| #define HAVE_STRINGS_H 1
| #define HAVE_INTTYPES_H 1
| #define HAVE_STDINT_H 1
| #define HAVE_UNISTD_H 1
| #define HAVE_DLFCN_H 1
| #define LT_OBJDIR ".libs/"
| #define HAVE___INT128 1
| #define HAVE_BUILTIN_EXPECT 1
| #define USE_ASM_X86_64 1
| #define USE_FIELD_5X52 1
| #define USE_NUM_NONE 1
| #define USE_FIELD_INV_BUILTIN 1
| #define USE_SCALAR_INV_BUILTIN 1
| #define USE_SCALAR_4X64 1
| #define HAVE_LIBCRYPTO 1
| #define ENABLE_OPENSSL_TESTS 1
| #define USE_ECMULT_STATIC_PRECOMPUTATION 1
| #define ENABLE_MODULE_RECOVERY 1
| /* end confdefs.h.  */
| #include <limits.h>
| 
| int
| main ()
| {
| #if ! (defined _LITTLE_ENDIAN || defined _BIG_ENDIAN)
| 	      bogus endian macros
| 	     #endif
| 
|   ;
|   return 0;
| }
configure:14040: gcc -o conftest -g -O2 -W -std=c89 -pedantic -Wall -Wextra -Wcast-align -Wnested-externs -Wshadow -Wstrict-prototypes -Wno-unused-function -Wno-long-long -Wno-overlength-strings -fvisibility=hidden   conftest.c  >&5
conftest.c:69:1: warning: function declaration isn't a prototype [-Wstrict-prototypes]
 main ()
 ^
configure:14040: $? = 0
configure:14040: ./conftest
configure:14040: $? = 0
configure:14051: result: no
configure:14070: Using assembly optimizations: x86_64
configure:14072: Using field implementation: 64bit
configure:14074: Using bignum implementation: no
configure:14076: Using scalar implementation: 64bit
configure:14078: Using endomorphism optimizations: no
configure:14080: Building ECDH module: no
configure:14083: Building Schnorr signatures module: no
configure:14085: Building ECDSA pubkey recovery module: yes
configure:14258: checking that generated files are newer than configure
configure:14264: result: done
configure:14316: creating ./config.status

## ---------------------- ##
## Running config.status. ##
## ---------------------- ##

This file was extended by libsecp256k1 config.status 0.1, which was
generated by GNU Autoconf 2.69.  Invocation command line was

  CONFIG_FILES    = 
  CONFIG_HEADERS  = 
  CONFIG_LINKS    = 
  CONFIG_COMMANDS = 
  $ ./config.status 

on bogon

config.status:1125: creating Makefile
config.status:1125: creating libsecp256k1.pc
config.status:1125: creating src/libsecp256k1-config.h
config.status:1354: executing depfiles commands
config.status:1354: executing libtool commands

## ---------------- ##
## Cache variables. ##
## ---------------- ##

ac_cv_build=x86_64-unknown-linux-gnu
ac_cv_build_prog_CPP='gcc -E'
ac_cv_build_prog_cc_g=yes
ac_cv_c_bigendian=no
ac_cv_c_compiler_gnu=yes
ac_cv_env_CC_set=
ac_cv_env_CC_value=
ac_cv_env_CFLAGS_set=
ac_cv_env_CFLAGS_value=
ac_cv_env_CPPFLAGS_set=
ac_cv_env_CPPFLAGS_value=
ac_cv_env_CPP_set=
ac_cv_env_CPP_value=
ac_cv_env_CRYPTO_CFLAGS_set=
ac_cv_env_CRYPTO_CFLAGS_value=
ac_cv_env_CRYPTO_LIBS_set=
ac_cv_env_CRYPTO_LIBS_value=
ac_cv_env_LDFLAGS_set=
ac_cv_env_LDFLAGS_value=
ac_cv_env_LIBS_set=
ac_cv_env_LIBS_value=
ac_cv_env_PKG_CONFIG_LIBDIR_set=
ac_cv_env_PKG_CONFIG_LIBDIR_value=
ac_cv_env_PKG_CONFIG_PATH_set=
ac_cv_env_PKG_CONFIG_PATH_value=
ac_cv_env_PKG_CONFIG_set=
ac_cv_env_PKG_CONFIG_value=
ac_cv_env_build_alias_set=
ac_cv_env_build_alias_value=
ac_cv_env_host_alias_set=
ac_cv_env_host_alias_value=
ac_cv_env_target_alias_set=
ac_cv_env_target_alias_value=
ac_cv_header_dlfcn_h=yes
ac_cv_header_inttypes_h=yes
ac_cv_header_memory_h=yes
ac_cv_header_stdc=yes
ac_cv_header_stdint_h=yes
ac_cv_header_stdlib_h=yes
ac_cv_header_string_h=yes
ac_cv_header_strings_h=yes
ac_cv_header_sys_stat_h=yes
ac_cv_header_sys_types_h=yes
ac_cv_header_unistd_h=yes
ac_cv_host=x86_64-unknown-linux-gnu
ac_cv_lib_crypto_main=yes
ac_cv_objext=o
ac_cv_path_EGREP='/usr/bin/grep -E'
ac_cv_path_FGREP='/usr/bin/grep -F'
ac_cv_path_GREP=/usr/bin/grep
ac_cv_path_SED=/usr/bin/sed
ac_cv_path_ac_pt_AR=/usr/bin/ar
ac_cv_path_ac_pt_PKG_CONFIG=/usr/bin/pkg-config
ac_cv_path_ac_pt_RANLIB=/usr/bin/ranlib
ac_cv_path_ac_pt_STRIP=/usr/bin/strip
ac_cv_path_install='/usr/bin/install -c'
ac_cv_path_mkdir=/usr/bin/mkdir
ac_cv_prog_AWK=gawk
ac_cv_prog_CPP='gcc -E'
ac_cv_prog_ac_ct_AR=ar
ac_cv_prog_ac_ct_CC=gcc
ac_cv_prog_ac_ct_CC_FOR_BUILD=gcc
ac_cv_prog_ac_ct_OBJDUMP=objdump
ac_cv_prog_ac_ct_RANLIB=ranlib
ac_cv_prog_ac_ct_STRIP=strip
ac_cv_prog_cc_c89=
ac_cv_prog_cc_g=yes
ac_cv_prog_cc_gcc_c_o=yes
ac_cv_prog_make_make_set=yes
ac_cv_type___int128=yes
am_cv_CC_dependencies_compiler_type=gcc3
am_cv_make_support_nested_variables=yes
lt_cv_ar_at_file=@
lt_cv_deplibs_check_method=pass_all
lt_cv_file_magic_cmd='$MAGIC_CMD'
lt_cv_file_magic_test_file=
lt_cv_ld_reload_flag=-r
lt_cv_nm_interface='BSD nm'
lt_cv_objdir=.libs
lt_cv_path_LD=/usr/bin/ld
lt_cv_path_NM='/usr/bin/nm -B'
lt_cv_path_mainfest_tool=no
lt_cv_prog_compiler_c_o=yes
lt_cv_prog_compiler_pic='-fPIC -DPIC'
lt_cv_prog_compiler_pic_works=yes
lt_cv_prog_compiler_rtti_exceptions=no
lt_cv_prog_compiler_static_works=no
lt_cv_prog_gnu_ld=yes
lt_cv_sharedlib_from_linklib_cmd='printf %s\n'
lt_cv_shlibpath_overrides_runpath=no
lt_cv_sys_global_symbol_pipe='sed -n -e '\''s/^.*[	 ]\([ABCDGIRSTW][ABCDGIRSTW]*\)[	 ][	 ]*\([_A-Za-z][_A-Za-z0-9]*\)$/\1 \2 \2/p'\'' | sed '\''/ __gnu_lto/d'\'''
lt_cv_sys_global_symbol_to_c_name_address='sed -n -e '\''s/^: \([^ ]*\)[ ]*$/  {\"\1\", (void *) 0},/p'\'' -e '\''s/^[ABCDGIRSTW]* \([^ ]*\) \([^ ]*\)$/  {"\2", (void *) \&\2},/p'\'''
lt_cv_sys_global_symbol_to_c_name_address_lib_prefix='sed -n -e '\''s/^: \([^ ]*\)[ ]*$/  {\"\1\", (void *) 0},/p'\'' -e '\''s/^[ABCDGIRSTW]* \([^ ]*\) \(lib[^ ]*\)$/  {"\2", (void *) \&\2},/p'\'' -e '\''s/^[ABCDGIRSTW]* \([^ ]*\) \([^ ]*\)$/  {"lib\2", (void *) \&\2},/p'\'''
lt_cv_sys_global_symbol_to_cdecl='sed -n -e '\''s/^T .* \(.*\)$/extern int \1();/p'\'' -e '\''s/^[ABCDGIRSTW]* .* \(.*\)$/extern char \1;/p'\'''
lt_cv_sys_max_cmd_len=1572864
lt_cv_to_host_file_cmd=func_convert_file_noop
lt_cv_to_tool_file_cmd=func_convert_file_noop
pkg_cv_CRYPTO_CFLAGS=' '
pkg_cv_CRYPTO_LIBS='-lcrypto  '

## ----------------- ##
## Output variables. ##
## ----------------- ##

ACLOCAL='${SHELL} /home/syl/c++pro/bitcoin-0.12.0/src/secp256k1/build-aux/missing aclocal-1.13'
AMDEPBACKSLASH='\'
AMDEP_FALSE='#'
AMDEP_TRUE=''
AMTAR='$${TAR-tar}'
AM_BACKSLASH='\'
AM_DEFAULT_V='$(AM_DEFAULT_VERBOSITY)'
AM_DEFAULT_VERBOSITY='0'
AM_V='$(V)'
AR='/usr/bin/ar'
AUTOCONF='${SHELL} /home/syl/c++pro/bitcoin-0.12.0/src/secp256k1/build-aux/missing autoconf'
AUTOHEADER='${SHELL} /home/syl/c++pro/bitcoin-0.12.0/src/secp256k1/build-aux/missing autoheader'
AUTOMAKE='${SHELL} /home/syl/c++pro/bitcoin-0.12.0/src/secp256k1/build-aux/missing automake-1.13'
AWK='gawk'
BREW=''
BUILD_EXEEXT=''
BUILD_OBJEXT=''
CC='gcc'
CCDEPMODE='depmode=gcc3'
CC_FOR_BUILD='gcc'
CFLAGS='-g -O2 -W -std=c89 -pedantic -Wall -Wextra -Wcast-align -Wnested-externs -Wshadow -Wstrict-prototypes -Wno-unused-function -Wno-long-long -Wno-overlength-strings -fvisibility=hidden'
CFLAGS_FOR_BUILD='-g -O2'
CPP='gcc -E'
CPPFLAGS=''
CPPFLAGS_FOR_BUILD=''
CPP_FOR_BUILD='gcc -E'
CRYPTO_CFLAGS=' '
CRYPTO_LIBS='-lcrypto  '
CYGPATH_W='echo'
DEFS='-DHAVE_CONFIG_H'
DEPDIR='.deps'
DLLTOOL='false'
DSYMUTIL=''
DUMPBIN=''
ECHO_C=''
ECHO_N='-n'
ECHO_T=''
EGREP='/usr/bin/grep -E'
ENABLE_MODULE_ECDH_FALSE=''
ENABLE_MODULE_ECDH_TRUE='#'
ENABLE_MODULE_RECOVERY_FALSE='#'
ENABLE_MODULE_RECOVERY_TRUE=''
ENABLE_MODULE_SCHNORR_FALSE=''
ENABLE_MODULE_SCHNORR_TRUE='#'
EXEEXT=''
FGREP='/usr/bin/grep -F'
GREP='/usr/bin/grep'
INSTALL_DATA='${INSTALL} -m 644'
INSTALL_PROGRAM='${INSTALL}'
INSTALL_SCRIPT='${INSTALL}'
INSTALL_STRIP_PROGRAM='$(install_sh) -c -s'
LD='/usr/bin/ld -m elf_x86_64'
LDFLAGS=''
LDFLAGS_FOR_BUILD=''
LIBOBJS=''
LIBS=''
LIBTOOL='$(SHELL) $(top_builddir)/libtool'
LIPO=''
LN_S='ln -s'
LTLIBOBJS=''
MAKEINFO='${SHELL} /home/syl/c++pro/bitcoin-0.12.0/src/secp256k1/build-aux/missing makeinfo'
MANIFEST_TOOL=':'
MKDIR_P='/usr/bin/mkdir -p'
NM='/usr/bin/nm -B'
NMEDIT=''
OBJDUMP='objdump'
OBJEXT='o'
OTOOL64=''
OTOOL=''
PACKAGE='libsecp256k1'
PACKAGE_BUGREPORT=''
PACKAGE_NAME='libsecp256k1'
PACKAGE_STRING='libsecp256k1 0.1'
PACKAGE_TARNAME='libsecp256k1'
PACKAGE_URL=''
PACKAGE_VERSION='0.1'
PATH_SEPARATOR=':'
PKG_CONFIG='/usr/bin/pkg-config'
PKG_CONFIG_LIBDIR=''
PKG_CONFIG_PATH=''
PORT=''
RANLIB='/usr/bin/ranlib'
SECP_INCLUDES=''
SECP_LIBS=''
SECP_TEST_INCLUDES='  '
SECP_TEST_LIBS='-lcrypto  '
SED='/usr/bin/sed'
SET_MAKE=''
SHELL='/bin/sh'
STRIP='/usr/bin/strip'
USE_BENCHMARK_FALSE=''
USE_BENCHMARK_TRUE='#'
USE_ECMULT_STATIC_PRECOMPUTATION_FALSE='#'
USE_ECMULT_STATIC_PRECOMPUTATION_TRUE=''
USE_TESTS_FALSE='#'
USE_TESTS_TRUE=''
VERSION='0.1'
ac_ct_AR='ar'
ac_ct_CC='gcc'
ac_ct_CC_FOR_BUILD='gcc'
ac_ct_DUMPBIN=''
am__EXEEXT_FALSE=''
am__EXEEXT_TRUE='#'
am__fastdepCC_FALSE='#'
am__fastdepCC_TRUE=''
am__include='include'
am__isrc=''
am__leading_dot='.'
am__nodep='_no'
am__quote=''
am__tar='$${TAR-tar} chof - "$$tardir"'
am__untar='$${TAR-tar} xf -'
bindir='${exec_prefix}/bin'
build='x86_64-unknown-linux-gnu'
build_alias=''
build_cpu='x86_64'
build_os='linux-gnu'
build_vendor='unknown'
datadir='${datarootdir}'
datarootdir='${prefix}/share'
docdir='${datarootdir}/doc/${PACKAGE_TARNAME}'
dvidir='${docdir}'
exec_prefix='${prefix}'
host='x86_64-unknown-linux-gnu'
host_alias=''
host_cpu='x86_64'
host_os='linux-gnu'
host_vendor='unknown'
htmldir='${docdir}'
includedir='${prefix}/include'
infodir='${datarootdir}/info'
install_sh='${SHELL} /home/syl/c++pro/bitcoin-0.12.0/src/secp256k1/build-aux/install-sh'
libdir='${exec_prefix}/lib'
libexecdir='${exec_prefix}/libexec'
localedir='${datarootdir}/locale'
localstatedir='${prefix}/var'
mandir='${datarootdir}/man'
mkdir_p='$(MKDIR_P)'
oldincludedir='/usr/include'
pdfdir='${docdir}'
prefix='/usr/local'
program_transform_name='s,x,x,'
psdir='${docdir}'
sbindir='${exec_prefix}/sbin'
sharedstatedir='${prefix}/com'
sysconfdir='${prefix}/etc'
target_alias=''

## ----------- ##
## confdefs.h. ##
## ----------- ##

/* confdefs.h */
#define PACKAGE_NAME "libsecp256k1"
#define PACKAGE_TARNAME "libsecp256k1"
#define PACKAGE_VERSION "0.1"
#define PACKAGE_STRING "libsecp256k1 0.1"
#define PACKAGE_BUGREPORT ""
#define PACKAGE_URL ""
#define PACKAGE "libsecp256k1"
#define VERSION "0.1"
#define STDC_HEADERS 1
#define HAVE_SYS_TYPES_H 1
#define HAVE_SYS_STAT_H 1
#define HAVE_STDLIB_H 1
#define HAVE_STRING_H 1
#define HAVE_MEMORY_H 1
#define HAVE_STRINGS_H 1
#define HAVE_INTTYPES_H 1
#define HAVE_STDINT_H 1
#define HAVE_UNISTD_H 1
#define HAVE_DLFCN_H 1
#define LT_OBJDIR ".libs/"
#define HAVE___INT128 1
#define HAVE_BUILTIN_EXPECT 1
#define USE_ASM_X86_64 1
#define USE_FIELD_5X52 1
#define USE_NUM_NONE 1
#define USE_FIELD_INV_BUILTIN 1
#define USE_SCALAR_INV_BUILTIN 1
#define USE_SCALAR_4X64 1
#define HAVE_LIBCRYPTO 1
#define ENABLE_OPENSSL_TESTS 1
#define USE_ECMULT_STATIC_PRECOMPUTATION 1
#define ENABLE_MODULE_RECOVERY 1

configure: exit 0
